<?xml version="1.0" encoding="UTF-8"?>
<testsuite xmlns:xsi="http://www.w3.org/2001/XMLSchema-instance" xsi:noNamespaceSchemaLocation="https://maven.apache.org/surefire/maven-surefire-plugin/xsd/surefire-test-report.xsd" name="com.qbwl.bkglpt01.Bkglpt01ApplicationTests" time="0.08" tests="3" errors="0" skipped="0" failures="0">
  <properties>
[...]
</properties>
  <testcase name="contextLoads01" classname="com.qbwl.bkglpt01.Bkglpt01ApplicationTests" time="0.075"/>
  <testcase name="test" classname="com.qbwl.bkglpt01.Bkglpt01ApplicationTests" time="0.002"/>
  <testcase name="contextLoads" classname="com.qbwl.bkglpt01.Bkglpt01ApplicationTests" time="0.002"/>
</testsuite>